{"level":"info","message":"GET | /api/users","timestamp":"2024-11-25T19:22:44.635Z"}
{"level":"info","message":"POST | /api/users","timestamp":"2024-11-25T19:22:51.836Z"}
{"level":"info","message":"GET | /api/users/6744ce8ba88a34139475835c","timestamp":"2024-11-25T19:23:01.095Z"}
{"level":"info","message":"PATCH | /api/users/6744ce8ba88a34139475835c","timestamp":"2024-11-25T19:23:08.099Z"}
{"level":"info","message":"PATCH | /api/users/6744ce8ba88a34139475835c","timestamp":"2024-11-25T19:23:24.536Z"}
{"level":"info","message":"GET | /api/users/6744ce8ba88a34139475835c","timestamp":"2024-11-25T19:23:28.871Z"}
{"level":"info","message":"GET | /api/users","timestamp":"2024-11-25T19:23:34.727Z"}
{"level":"info","message":"DELETE | /api/users/6744ce8ba88a34139475835c","timestamp":"2024-11-25T19:23:40.494Z"}
{"level":"info","message":"GET | /api/users","timestamp":"2024-11-25T19:23:46.020Z"}
{"level":"info","message":"DELETE | /api/users/67447600660e73d2c0818bcf","timestamp":"2024-11-25T19:23:55.048Z"}
{"level":"info","message":"DELETE | /api/users/67447600660e73d2c0818bcf","timestamp":"2024-11-25T19:24:17.695Z"}
{"level":"info","message":"GET | /api/users","timestamp":"2024-11-25T19:24:20.870Z"}
{"level":"info","message":"POST | /api/users","timestamp":"2024-11-25T19:24:26.216Z"}
{"level":"info","message":"GET | /api/users","timestamp":"2024-11-25T19:24:33.389Z"}
{"level":"info","message":"DELETE | /api/users/6744ceea4497a72729a24ef7","timestamp":"2024-11-25T19:24:39.796Z"}
{"level":"info","message":"GET | /api/users","timestamp":"2024-11-25T19:24:43.040Z"}
{"level":"info","message":"POST | /api/users","timestamp":"2024-11-26T03:44:13.114Z"}
{"level":"info","message":"POST | /api/users","timestamp":"2024-11-26T03:46:01.210Z"}
{"level":"info","message":"POST | /api/users","timestamp":"2024-11-26T03:52:13.622Z"}
{"level":"info","message":"POST | /api/users","timestamp":"2024-11-26T03:53:53.842Z"}
{"level":"info","message":"GET | /api/users","timestamp":"2024-11-26T04:02:18.599Z"}
{"level":"info","message":"GET | /api/users","timestamp":"2024-11-26T04:07:27.641Z"}
{"level":"info","message":"POST | /api/users","timestamp":"2024-11-26T04:07:31.239Z"}
{"level":"info","message":"POST | /api/users","timestamp":"2024-11-26T04:08:14.231Z"}
{"level":"info","message":"GET | /api/users","timestamp":"2024-11-26T04:09:45.263Z"}
{"level":"info","message":"GET | /api/users/674469900b391b760e00369","timestamp":"2024-11-26T04:09:52.529Z"}
{"level":"info","message":"GET | /api/users/674469900b391b760e003693","timestamp":"2024-11-26T04:10:41.595Z"}
{"level":"info","message":"GET | /api/users/674469900b391b760e00369","timestamp":"2024-11-26T04:10:46.485Z"}
{"level":"info","message":"GET | /api/users/674469900b391b760e003693","timestamp":"2024-11-26T04:11:55.173Z"}
{"level":"info","message":"GET | /api/users/674469900b391b760e00369","timestamp":"2024-11-26T04:11:59.210Z"}
{"level":"info","message":"GET | /api/users/674469900b391b760e003693","timestamp":"2024-11-26T04:12:05.808Z"}
{"level":"info","message":"GET | /api/users/674469900b391b760e0036933","timestamp":"2024-11-26T04:12:07.557Z"}
{"level":"info","message":"GET | /api/users/674469900b391b760e003693","timestamp":"2024-11-26T04:12:10.535Z"}
{"level":"info","message":"GET | /api/users/","timestamp":"2024-11-26T04:12:19.078Z"}
{"level":"info","message":"GET | /api/users/674469900b391b760e003693","timestamp":"2024-11-26T04:12:24.004Z"}
{"level":"info","message":"GET | /api/users","timestamp":"2024-11-26T04:12:28.504Z"}
